0 info it worked if it ends with ok
1 verbose cli [ '/home/borza/.nvm/versions/node/v4.3.0/bin/node',
1 verbose cli   '/home/borza/.nvm/versions/node/v4.3.0/bin/npm',
1 verbose cli   'run',
1 verbose cli   'start-dev' ]
2 info using npm@3.8.7
3 info using node@v4.3.0
4 verbose run-script [ 'prestart-dev', 'start-dev', 'poststart-dev' ]
5 info lifecycle oodles@0.0.1~prestart-dev: oodles@0.0.1
6 silly lifecycle oodles@0.0.1~prestart-dev: no script for prestart-dev, continuing
7 info lifecycle oodles@0.0.1~start-dev: oodles@0.0.1
8 verbose lifecycle oodles@0.0.1~start-dev: unsafe-perm in lifecycle true
9 verbose lifecycle oodles@0.0.1~start-dev: PATH: /home/borza/.nvm/versions/node/v4.3.0/lib/node_modules/npm/bin/node-gyp-bin:/home/borza/workspace/oodles/node_modules/.bin:/home/borza/.nvm/versions/node/v4.3.0/bin:/home/borza/.nvm/versions/node/v4.3.0/bin:/home/borza/.rbenv/shims:/home/borza/.rbenv/bin:/usr/local/sbin:/usr/local/bin:/usr/sbin:/usr/bin:/sbin:/bin:/usr/games:/usr/local/games
10 verbose lifecycle oodles@0.0.1~start-dev: CWD: /home/borza/workspace/oodles
11 silly lifecycle oodles@0.0.1~start-dev: Args: [ '-c', 'node main-server --inline --hot' ]
12 silly lifecycle oodles@0.0.1~start-dev: Returned: code: 1  signal: null
13 info lifecycle oodles@0.0.1~start-dev: Failed to exec start-dev script
14 verbose stack Error: oodles@0.0.1 start-dev: `node main-server --inline --hot`
14 verbose stack Exit status 1
14 verbose stack     at EventEmitter.<anonymous> (/home/borza/.nvm/versions/node/v4.3.0/lib/node_modules/npm/lib/utils/lifecycle.js:244:16)
14 verbose stack     at emitTwo (events.js:87:13)
14 verbose stack     at EventEmitter.emit (events.js:172:7)
14 verbose stack     at ChildProcess.<anonymous> (/home/borza/.nvm/versions/node/v4.3.0/lib/node_modules/npm/lib/utils/spawn.js:24:14)
14 verbose stack     at emitTwo (events.js:87:13)
14 verbose stack     at ChildProcess.emit (events.js:172:7)
14 verbose stack     at maybeClose (internal/child_process.js:821:16)
14 verbose stack     at Process.ChildProcess._handle.onexit (internal/child_process.js:211:5)
15 verbose pkgid oodles@0.0.1
16 verbose cwd /home/borza/workspace/oodles
17 error Linux 4.4.0-38-generic
18 error argv "/home/borza/.nvm/versions/node/v4.3.0/bin/node" "/home/borza/.nvm/versions/node/v4.3.0/bin/npm" "run" "start-dev"
19 error node v4.3.0
20 error npm  v3.8.7
21 error code ELIFECYCLE
22 error oodles@0.0.1 start-dev: `node main-server --inline --hot`
22 error Exit status 1
23 error Failed at the oodles@0.0.1 start-dev script 'node main-server --inline --hot'.
23 error Make sure you have the latest version of node.js and npm installed.
23 error If you do, this is most likely a problem with the oodles package,
23 error not with npm itself.
23 error Tell the author that this fails on your system:
23 error     node main-server --inline --hot
23 error You can get information on how to open an issue for this project with:
23 error     npm bugs oodles
23 error Or if that isn't available, you can get their info via:
23 error     npm owner ls oodles
23 error There is likely additional logging output above.
24 verbose exit [ 1, true ]
